<?xml version="1.0" encoding="UTF-8"?>
<testng-results ignored="0" total="2" passed="2" failed="0" skipped="0">
  <reporter-output>
  </reporter-output>
  <suite started-at="2023-05-06T14:49:15 IST" name="Suite" finished-at="2023-05-06T14:49:36 IST" duration-ms="21027">
    <groups>
    </groups>
    <test started-at="2023-05-06T14:49:15 IST" name="Test" finished-at="2023-05-06T14:49:36 IST" duration-ms="21027">
      <class name="TESTCASE.VerifyLogin">
        <test-method is-config="true" signature="launchBrowser()[pri:0, instance:TESTCASE.VerifyLogin@3bb9a3ff]" started-at="2023-05-06T14:49:30 IST" name="launchBrowser" finished-at="2023-05-06T14:49:35 IST" duration-ms="4204" status="PASS">
          <reporter-output>
          </reporter-output>
        </test-method> <!-- launchBrowser -->
        <test-method signature="login1()[pri:0, instance:TESTCASE.VerifyLogin@3bb9a3ff]" started-at="2023-05-06T14:49:35 IST" name="login1" finished-at="2023-05-06T14:49:36 IST" duration-ms="1060" status="PASS">
          <reporter-output>
          </reporter-output>
        </test-method> <!-- login1 -->
        <test-method is-config="true" signature="quitBrowser()[pri:0, instance:TESTCASE.VerifyLogin@3bb9a3ff]" started-at="2023-05-06T14:49:36 IST" name="quitBrowser" finished-at="2023-05-06T14:49:36 IST" duration-ms="331" status="PASS">
          <reporter-output>
          </reporter-output>
        </test-method> <!-- quitBrowser -->
      </class> <!-- TESTCASE.VerifyLogin -->
      <class name="TESTCASE.VerifySignUp">
        <test-method is-config="true" signature="launchBrowser()[pri:0, instance:TESTCASE.VerifySignUp@7722c3c3]" started-at="2023-05-06T14:49:15 IST" name="launchBrowser" finished-at="2023-05-06T14:49:22 IST" duration-ms="6801" status="PASS">
          <reporter-output>
          </reporter-output>
        </test-method> <!-- launchBrowser -->
        <test-method signature="signup()[pri:0, instance:TESTCASE.VerifySignUp@7722c3c3]" started-at="2023-05-06T14:49:22 IST" name="signup" finished-at="2023-05-06T14:49:30 IST" duration-ms="8175" status="PASS">
          <reporter-output>
          </reporter-output>
        </test-method> <!-- signup -->
        <test-method is-config="true" signature="quitBrowser()[pri:0, instance:TESTCASE.VerifySignUp@7722c3c3]" started-at="2023-05-06T14:49:30 IST" name="quitBrowser" finished-at="2023-05-06T14:49:30 IST" duration-ms="386" status="PASS">
          <reporter-output>
          </reporter-output>
        </test-method> <!-- quitBrowser -->
      </class> <!-- TESTCASE.VerifySignUp -->
    </test> <!-- Test -->
  </suite> <!-- Suite -->
</testng-results>
